0 verbose cli /usr/local/bin/node /usr/local/bin/npm
1 info using npm@8.19.2
2 info using node@v18.12.1
3 timing npm:load:whichnode Completed in 1ms
4 timing config:load:defaults Completed in 1ms
5 timing config:load:file:/usr/local/lib/node_modules/npm/npmrc Completed in 1ms
6 timing config:load:builtin Completed in 1ms
7 warn config production Use `--omit=dev` instead.
8 timing config:load:cli Completed in 2ms
9 timing config:load:env Completed in 1ms
10 timing config:load:file:/Users/chenzhanming/Documents/GitHub/allogenes/.npmrc Completed in 0ms
11 timing config:load:project Completed in 4ms
12 timing config:load:file:/Users/chenzhanming/.npmrc Completed in 0ms
13 timing config:load:user Completed in 0ms
14 timing config:load:file:/Users/chenzhanming/Documents/GitHub/allogenes/nodejs-global-modules/etc/npmrc Completed in 0ms
15 timing config:load:global Completed in 0ms
16 timing config:load:validate Completed in 0ms
17 timing config:load:credentials Completed in 0ms
18 timing config:load:setEnvs Completed in 0ms
19 timing config:load Completed in 12ms
20 timing npm:load:configload Completed in 12ms
21 timing npm:load:mkdirpcache Completed in 1ms
22 timing npm:load:mkdirplogs Completed in 1ms
23 verbose title npm list
24 verbose argv "list" "--production" "--parseable" "--depth" "99999" "--loglevel" "error"
25 timing npm:load:setTitle Completed in 16ms
26 timing config:load:flatten Completed in 2ms
27 timing npm:load:display Completed in 3ms
28 verbose logfile logs-max:10 dir:/Users/chenzhanming/Documents/GitHub/allogenes/nodejs-cache-modules/_logs
29 verbose logfile /Users/chenzhanming/Documents/GitHub/allogenes/nodejs-cache-modules/_logs/2022-12-19T17_58_04_417Z-debug-0.log
30 timing npm:load:logFile Completed in 4ms
31 timing npm:load:timers Completed in 0ms
32 timing npm:load:configScope Completed in 0ms
33 timing npm:load Completed in 38ms
34 timing arborist:ctor Completed in 0ms
35 silly logfile start cleaning logs, removing 4 files
36 silly logfile done cleaning log files
37 timing command:list Completed in 14ms
38 verbose exit 0
39 timing npm Completed in 130ms
40 info ok
